<?xml version="1.0" encoding="UTF-8"?>
<!-- Generated by org.testng.reporters.JUnitReportReporter -->
<testsuite skipped="0" hostname="DESKTOP-3R73L8V" name="testCases.TC_002_Login" tests="1" failures="0" timestamp="2021-03-24T07:13:36 IST" time="8.038" errors="0">
  <testcase name="test_Login" time="8.038" classname="testCases.TC_002_Login"/>
  <system-out/>
</testsuite> <!-- testCases.TC_002_Login -->
